0 out of 2693
1 out of 2693
2 out of 2693
3 out of 2693
4 out of 2693
5 out of 2693
6 out of 2693
7 out of 2693
8 out of 2693
9 out of 2693
10 out of 2693
11 out of 2693
12 out of 2693
13 out of 2693
14 out of 2693
15 out of 2693
16 out of 2693
17 out of 2693
18 out of 2693
19 out of 2693
20 out of 2693
21 out of 2693
22 out of 2693
23 out of 2693
24 out of 2693
25 out of 2693
26 out of 2693
27 out of 2693
28 out of 2693
29 out of 2693
30 out of 2693
31 out of 2693
32 out of 2693
33 out of 2693
34 out of 2693
35 out of 2693
36 out of 2693
37 out of 2693
38 out of 2693
39 out of 2693
40 out of 2693
41 out of 2693
42 out of 2693
43 out of 2693
44 out of 2693
45 out of 2693
46 out of 2693
47 out of 2693
48 out of 2693
49 out of 2693
50 out of 2693
51 out of 2693
52 out of 2693
53 out of 2693
54 out of 2693
55 out of 2693
56 out of 2693
57 out of 2693
58 out of 2693
59 out of 2693
60 out of 2693
61 out of 2693
62 out of 2693
63 out of 2693
64 out of 2693
65 out of 2693
66 out of 2693
67 out of 2693
68 out of 2693
69 out of 2693
70 out of 2693
71 out of 2693
72 out of 2693
73 out of 2693
74 out of 2693
75 out of 2693
76 out of 2693
77 out of 2693
78 out of 2693
79 out of 2693
80 out of 2693
81 out of 2693
82 out of 2693
83 out of 2693
84 out of 2693
85 out of 2693
86 out of 2693
87 out of 2693
88 out of 2693
89 out of 2693
90 out of 2693
91 out of 2693
92 out of 2693
93 out of 2693
94 out of 2693
95 out of 2693
96 out of 2693
97 out of 2693
98 out of 2693
99 out of 2693
100 out of 2693
101 out of 2693
102 out of 2693
103 out of 2693
104 out of 2693
105 out of 2693
106 out of 2693
107 out of 2693
108 out of 2693
109 out of 2693
110 out of 2693
111 out of 2693
112 out of 2693
113 out of 2693
114 out of 2693
115 out of 2693
116 out of 2693
117 out of 2693
118 out of 2693
119 out of 2693
120 out of 2693
121 out of 2693
122 out of 2693
123 out of 2693
124 out of 2693
125 out of 2693
126 out of 2693
127 out of 2693
128 out of 2693
129 out of 2693
130 out of 2693
131 out of 2693
132 out of 2693
133 out of 2693
134 out of 2693
135 out of 2693
136 out of 2693
137 out of 2693
138 out of 2693
139 out of 2693
140 out of 2693
141 out of 2693
142 out of 2693
143 out of 2693
144 out of 2693
145 out of 2693
146 out of 2693
147 out of 2693
148 out of 2693
149 out of 2693
150 out of 2693
151 out of 2693
152 out of 2693
153 out of 2693
154 out of 2693
155 out of 2693
156 out of 2693
157 out of 2693
158 out of 2693
159 out of 2693
160 out of 2693
161 out of 2693
162 out of 2693
163 out of 2693
164 out of 2693
165 out of 2693
166 out of 2693
167 out of 2693
168 out of 2693
169 out of 2693
170 out of 2693
171 out of 2693
172 out of 2693
173 out of 2693
174 out of 2693
175 out of 2693
176 out of 2693
177 out of 2693
178 out of 2693
179 out of 2693
180 out of 2693
181 out of 2693
182 out of 2693
183 out of 2693
184 out of 2693
185 out of 2693
186 out of 2693
187 out of 2693
188 out of 2693
189 out of 2693
190 out of 2693
191 out of 2693
192 out of 2693
193 out of 2693
194 out of 2693
195 out of 2693
196 out of 2693
197 out of 2693
198 out of 2693
199 out of 2693
200 out of 2693
201 out of 2693
202 out of 2693
203 out of 2693
204 out of 2693
205 out of 2693
206 out of 2693
207 out of 2693
208 out of 2693
209 out of 2693
210 out of 2693
211 out of 2693
212 out of 2693
213 out of 2693
214 out of 2693
215 out of 2693
216 out of 2693
217 out of 2693
218 out of 2693
219 out of 2693
220 out of 2693
221 out of 2693
222 out of 2693
223 out of 2693
224 out of 2693
225 out of 2693
226 out of 2693
227 out of 2693
228 out of 2693
229 out of 2693
230 out of 2693
231 out of 2693
232 out of 2693
233 out of 2693
234 out of 2693
235 out of 2693
236 out of 2693
237 out of 2693
238 out of 2693
239 out of 2693
240 out of 2693
241 out of 2693
242 out of 2693
243 out of 2693
244 out of 2693
245 out of 2693
246 out of 2693
247 out of 2693
248 out of 2693
249 out of 2693
250 out of 2693
251 out of 2693
252 out of 2693
253 out of 2693
254 out of 2693
255 out of 2693
256 out of 2693
257 out of 2693
258 out of 2693
259 out of 2693
260 out of 2693
261 out of 2693
262 out of 2693
263 out of 2693
264 out of 2693
265 out of 2693
266 out of 2693
267 out of 2693
268 out of 2693
269 out of 2693
270 out of 2693
271 out of 2693
272 out of 2693
273 out of 2693
274 out of 2693
275 out of 2693
276 out of 2693
277 out of 2693
278 out of 2693
279 out of 2693
280 out of 2693
281 out of 2693
282 out of 2693
283 out of 2693
284 out of 2693
285 out of 2693
286 out of 2693
287 out of 2693
288 out of 2693
289 out of 2693
290 out of 2693
291 out of 2693
292 out of 2693
293 out of 2693
294 out of 2693
295 out of 2693
296 out of 2693
297 out of 2693
298 out of 2693
299 out of 2693
300 out of 2693
301 out of 2693
302 out of 2693
303 out of 2693
304 out of 2693
305 out of 2693
306 out of 2693
307 out of 2693
308 out of 2693
309 out of 2693
310 out of 2693
311 out of 2693
312 out of 2693
313 out of 2693
314 out of 2693
315 out of 2693
316 out of 2693
317 out of 2693
318 out of 2693
319 out of 2693
320 out of 2693
321 out of 2693
322 out of 2693
323 out of 2693
324 out of 2693
325 out of 2693
326 out of 2693
327 out of 2693
328 out of 2693
329 out of 2693
330 out of 2693
331 out of 2693
332 out of 2693
333 out of 2693
334 out of 2693
335 out of 2693
336 out of 2693
337 out of 2693
338 out of 2693
339 out of 2693
340 out of 2693
341 out of 2693
342 out of 2693
343 out of 2693
344 out of 2693
345 out of 2693
346 out of 2693
347 out of 2693
348 out of 2693
349 out of 2693
350 out of 2693
351 out of 2693
352 out of 2693
353 out of 2693
354 out of 2693
355 out of 2693
356 out of 2693
357 out of 2693
358 out of 2693
359 out of 2693
360 out of 2693
361 out of 2693
362 out of 2693
363 out of 2693
364 out of 2693
365 out of 2693
366 out of 2693
367 out of 2693
368 out of 2693
369 out of 2693
370 out of 2693
371 out of 2693
372 out of 2693
373 out of 2693
374 out of 2693
375 out of 2693
376 out of 2693
377 out of 2693
378 out of 2693
379 out of 2693
380 out of 2693
381 out of 2693
382 out of 2693
383 out of 2693
384 out of 2693
385 out of 2693
386 out of 2693
387 out of 2693
388 out of 2693
389 out of 2693
390 out of 2693
391 out of 2693
392 out of 2693
393 out of 2693
394 out of 2693
395 out of 2693
396 out of 2693
397 out of 2693
398 out of 2693
399 out of 2693
400 out of 2693
401 out of 2693
402 out of 2693
403 out of 2693
404 out of 2693
405 out of 2693
406 out of 2693
407 out of 2693
408 out of 2693
409 out of 2693
410 out of 2693
411 out of 2693
412 out of 2693
413 out of 2693
414 out of 2693
415 out of 2693
416 out of 2693
417 out of 2693
418 out of 2693
419 out of 2693
420 out of 2693
421 out of 2693
422 out of 2693
423 out of 2693
424 out of 2693
425 out of 2693
426 out of 2693
427 out of 2693
428 out of 2693
429 out of 2693
430 out of 2693
431 out of 2693
432 out of 2693
433 out of 2693
434 out of 2693
435 out of 2693
436 out of 2693
437 out of 2693
438 out of 2693
439 out of 2693
440 out of 2693
441 out of 2693
442 out of 2693
443 out of 2693
444 out of 2693
445 out of 2693
446 out of 2693
447 out of 2693
448 out of 2693
449 out of 2693
450 out of 2693
451 out of 2693
452 out of 2693
453 out of 2693
454 out of 2693
455 out of 2693
456 out of 2693
457 out of 2693
458 out of 2693
459 out of 2693
460 out of 2693
461 out of 2693
462 out of 2693
463 out of 2693
464 out of 2693
465 out of 2693
466 out of 2693
467 out of 2693
468 out of 2693
469 out of 2693
470 out of 2693
471 out of 2693
472 out of 2693
473 out of 2693
474 out of 2693
475 out of 2693
476 out of 2693
477 out of 2693
478 out of 2693
479 out of 2693
480 out of 2693
481 out of 2693
482 out of 2693
483 out of 2693
484 out of 2693
485 out of 2693
486 out of 2693
487 out of 2693
488 out of 2693
489 out of 2693
490 out of 2693
491 out of 2693
492 out of 2693
493 out of 2693
494 out of 2693
495 out of 2693
496 out of 2693
497 out of 2693
498 out of 2693
499 out of 2693
500 out of 2693
501 out of 2693
502 out of 2693
503 out of 2693
504 out of 2693
505 out of 2693
506 out of 2693
507 out of 2693
508 out of 2693
509 out of 2693
510 out of 2693
511 out of 2693
512 out of 2693
513 out of 2693
514 out of 2693
515 out of 2693
516 out of 2693
517 out of 2693
518 out of 2693
519 out of 2693
520 out of 2693
521 out of 2693
522 out of 2693
523 out of 2693
524 out of 2693
525 out of 2693
526 out of 2693
527 out of 2693
528 out of 2693
529 out of 2693
530 out of 2693
531 out of 2693
532 out of 2693
533 out of 2693
534 out of 2693
535 out of 2693
536 out of 2693
537 out of 2693
538 out of 2693
539 out of 2693
540 out of 2693
541 out of 2693
542 out of 2693
543 out of 2693
544 out of 2693
545 out of 2693
546 out of 2693
547 out of 2693
548 out of 2693
549 out of 2693
550 out of 2693
551 out of 2693
552 out of 2693
553 out of 2693
554 out of 2693
555 out of 2693
556 out of 2693
557 out of 2693
558 out of 2693
559 out of 2693
560 out of 2693
561 out of 2693
562 out of 2693
563 out of 2693
564 out of 2693
565 out of 2693
566 out of 2693
567 out of 2693
568 out of 2693
569 out of 2693
570 out of 2693
571 out of 2693
572 out of 2693
573 out of 2693
574 out of 2693
575 out of 2693
576 out of 2693
577 out of 2693
578 out of 2693
579 out of 2693
580 out of 2693
581 out of 2693
582 out of 2693
583 out of 2693
584 out of 2693
585 out of 2693
586 out of 2693
587 out of 2693
588 out of 2693
589 out of 2693
590 out of 2693
591 out of 2693
592 out of 2693
593 out of 2693
594 out of 2693
595 out of 2693
596 out of 2693
597 out of 2693
598 out of 2693
599 out of 2693
600 out of 2693
601 out of 2693
602 out of 2693
603 out of 2693
604 out of 2693
605 out of 2693
606 out of 2693
607 out of 2693
608 out of 2693
609 out of 2693
610 out of 2693
611 out of 2693
612 out of 2693
613 out of 2693
614 out of 2693
615 out of 2693
616 out of 2693
617 out of 2693
618 out of 2693
619 out of 2693
620 out of 2693
621 out of 2693
622 out of 2693
623 out of 2693
624 out of 2693
625 out of 2693
626 out of 2693
627 out of 2693
628 out of 2693
629 out of 2693
630 out of 2693
631 out of 2693
632 out of 2693
633 out of 2693
634 out of 2693
635 out of 2693
636 out of 2693
637 out of 2693
638 out of 2693
639 out of 2693
640 out of 2693
641 out of 2693
642 out of 2693
643 out of 2693
644 out of 2693
645 out of 2693
646 out of 2693
647 out of 2693
648 out of 2693
649 out of 2693
650 out of 2693
651 out of 2693
652 out of 2693
653 out of 2693
654 out of 2693
655 out of 2693
656 out of 2693
657 out of 2693
658 out of 2693
659 out of 2693
660 out of 2693
661 out of 2693
662 out of 2693
663 out of 2693
664 out of 2693
665 out of 2693
666 out of 2693
667 out of 2693
668 out of 2693
669 out of 2693
670 out of 2693
671 out of 2693
672 out of 2693
673 out of 2693
674 out of 2693
675 out of 2693
676 out of 2693
677 out of 2693
678 out of 2693
679 out of 2693
680 out of 2693
681 out of 2693
682 out of 2693
683 out of 2693
684 out of 2693
685 out of 2693
686 out of 2693
687 out of 2693
688 out of 2693
689 out of 2693
690 out of 2693
691 out of 2693
692 out of 2693
693 out of 2693
694 out of 2693
695 out of 2693
696 out of 2693
697 out of 2693
698 out of 2693
699 out of 2693
700 out of 2693
701 out of 2693
702 out of 2693
703 out of 2693
704 out of 2693
705 out of 2693
706 out of 2693
707 out of 2693
708 out of 2693
709 out of 2693
710 out of 2693
711 out of 2693
712 out of 2693
713 out of 2693
714 out of 2693
715 out of 2693
716 out of 2693
717 out of 2693
718 out of 2693
719 out of 2693
720 out of 2693
721 out of 2693
722 out of 2693
723 out of 2693
724 out of 2693
725 out of 2693
726 out of 2693
727 out of 2693
728 out of 2693
729 out of 2693
730 out of 2693
731 out of 2693
732 out of 2693
733 out of 2693
734 out of 2693
735 out of 2693
736 out of 2693
737 out of 2693
738 out of 2693
739 out of 2693
740 out of 2693
741 out of 2693
742 out of 2693
743 out of 2693
744 out of 2693
745 out of 2693
746 out of 2693
747 out of 2693
748 out of 2693
749 out of 2693
750 out of 2693
751 out of 2693
752 out of 2693
753 out of 2693
754 out of 2693
755 out of 2693
756 out of 2693
757 out of 2693
758 out of 2693
759 out of 2693
760 out of 2693
761 out of 2693
762 out of 2693
763 out of 2693
764 out of 2693
765 out of 2693
766 out of 2693
767 out of 2693
768 out of 2693
769 out of 2693
770 out of 2693
771 out of 2693
772 out of 2693
773 out of 2693
774 out of 2693
775 out of 2693
776 out of 2693
777 out of 2693
778 out of 2693
779 out of 2693
780 out of 2693
781 out of 2693
782 out of 2693
783 out of 2693
784 out of 2693
785 out of 2693
786 out of 2693
787 out of 2693
788 out of 2693
789 out of 2693
790 out of 2693
791 out of 2693
792 out of 2693
793 out of 2693
794 out of 2693
795 out of 2693
796 out of 2693
797 out of 2693
798 out of 2693
799 out of 2693
800 out of 2693
801 out of 2693
802 out of 2693
803 out of 2693
804 out of 2693
805 out of 2693
806 out of 2693
807 out of 2693
808 out of 2693
809 out of 2693
810 out of 2693
811 out of 2693
812 out of 2693
813 out of 2693
814 out of 2693
815 out of 2693
816 out of 2693
817 out of 2693
818 out of 2693
819 out of 2693
820 out of 2693
821 out of 2693
822 out of 2693
823 out of 2693
824 out of 2693
825 out of 2693
826 out of 2693
827 out of 2693
828 out of 2693
829 out of 2693
830 out of 2693
831 out of 2693
832 out of 2693
833 out of 2693
834 out of 2693
835 out of 2693
836 out of 2693
837 out of 2693
838 out of 2693
839 out of 2693
840 out of 2693
841 out of 2693
842 out of 2693
843 out of 2693
844 out of 2693
845 out of 2693
846 out of 2693
847 out of 2693
848 out of 2693
849 out of 2693
850 out of 2693
851 out of 2693
852 out of 2693
853 out of 2693
854 out of 2693
855 out of 2693
856 out of 2693
857 out of 2693
858 out of 2693
859 out of 2693
860 out of 2693
861 out of 2693
862 out of 2693
863 out of 2693
864 out of 2693
865 out of 2693
866 out of 2693
867 out of 2693
868 out of 2693
869 out of 2693
870 out of 2693
871 out of 2693
872 out of 2693
873 out of 2693
874 out of 2693
875 out of 2693
876 out of 2693
877 out of 2693
878 out of 2693
879 out of 2693
880 out of 2693
881 out of 2693
882 out of 2693
883 out of 2693
884 out of 2693
885 out of 2693
886 out of 2693
887 out of 2693
888 out of 2693
889 out of 2693
890 out of 2693
891 out of 2693
892 out of 2693
893 out of 2693
894 out of 2693
895 out of 2693
896 out of 2693
897 out of 2693
898 out of 2693
899 out of 2693
900 out of 2693
901 out of 2693
902 out of 2693
903 out of 2693
904 out of 2693
905 out of 2693
906 out of 2693
907 out of 2693
908 out of 2693
909 out of 2693
910 out of 2693
911 out of 2693
912 out of 2693
913 out of 2693
914 out of 2693
915 out of 2693
916 out of 2693
917 out of 2693
918 out of 2693
919 out of 2693
920 out of 2693
921 out of 2693
922 out of 2693
923 out of 2693
924 out of 2693
925 out of 2693
926 out of 2693
927 out of 2693
928 out of 2693
929 out of 2693
930 out of 2693
931 out of 2693
932 out of 2693
933 out of 2693
934 out of 2693
935 out of 2693
936 out of 2693
937 out of 2693
938 out of 2693
939 out of 2693
940 out of 2693
941 out of 2693
942 out of 2693
943 out of 2693
944 out of 2693
945 out of 2693
946 out of 2693
947 out of 2693
948 out of 2693
949 out of 2693
950 out of 2693
951 out of 2693
952 out of 2693
953 out of 2693
954 out of 2693
955 out of 2693
956 out of 2693
957 out of 2693
958 out of 2693
959 out of 2693
960 out of 2693
961 out of 2693
962 out of 2693
963 out of 2693
964 out of 2693
965 out of 2693
966 out of 2693
967 out of 2693
968 out of 2693
969 out of 2693
970 out of 2693
971 out of 2693
972 out of 2693
973 out of 2693
974 out of 2693
975 out of 2693
976 out of 2693
977 out of 2693
978 out of 2693
979 out of 2693
980 out of 2693
981 out of 2693
982 out of 2693
983 out of 2693
984 out of 2693
985 out of 2693
986 out of 2693
987 out of 2693
988 out of 2693
989 out of 2693
990 out of 2693
991 out of 2693
992 out of 2693
993 out of 2693
994 out of 2693
995 out of 2693
996 out of 2693
997 out of 2693
998 out of 2693
999 out of 2693
1000 out of 2693
1001 out of 2693
1002 out of 2693
1003 out of 2693
1004 out of 2693
1005 out of 2693
1006 out of 2693
1007 out of 2693
1008 out of 2693
1009 out of 2693
1010 out of 2693
1011 out of 2693
1012 out of 2693
1013 out of 2693
1014 out of 2693
1015 out of 2693
1016 out of 2693
1017 out of 2693
1018 out of 2693
1019 out of 2693
1020 out of 2693
1021 out of 2693
1022 out of 2693
1023 out of 2693
1024 out of 2693
1025 out of 2693
1026 out of 2693
1027 out of 2693
1028 out of 2693
1029 out of 2693
1030 out of 2693
1031 out of 2693
1032 out of 2693
1033 out of 2693
1034 out of 2693
1035 out of 2693
1036 out of 2693
1037 out of 2693
1038 out of 2693
1039 out of 2693
1040 out of 2693
1041 out of 2693
1042 out of 2693
1043 out of 2693
1044 out of 2693
1045 out of 2693
1046 out of 2693
1047 out of 2693
1048 out of 2693
1049 out of 2693
1050 out of 2693
1051 out of 2693
1052 out of 2693
1053 out of 2693
1054 out of 2693
1055 out of 2693
1056 out of 2693
1057 out of 2693
1058 out of 2693
1059 out of 2693
1060 out of 2693
1061 out of 2693
1062 out of 2693
1063 out of 2693
1064 out of 2693
1065 out of 2693
1066 out of 2693
1067 out of 2693
1068 out of 2693
1069 out of 2693
1070 out of 2693
1071 out of 2693
1072 out of 2693
1073 out of 2693
1074 out of 2693
1075 out of 2693
1076 out of 2693
1077 out of 2693
1078 out of 2693
1079 out of 2693
1080 out of 2693
1081 out of 2693
1082 out of 2693
1083 out of 2693
1084 out of 2693
1085 out of 2693
1086 out of 2693
1087 out of 2693
1088 out of 2693
1089 out of 2693
1090 out of 2693
1091 out of 2693
1092 out of 2693
1093 out of 2693
1094 out of 2693
1095 out of 2693
1096 out of 2693
1097 out of 2693
1098 out of 2693
1099 out of 2693
1100 out of 2693
1101 out of 2693
1102 out of 2693
1103 out of 2693
1104 out of 2693
1105 out of 2693
1106 out of 2693
1107 out of 2693
1108 out of 2693
1109 out of 2693
1110 out of 2693
1111 out of 2693
1112 out of 2693
1113 out of 2693
1114 out of 2693
1115 out of 2693
1116 out of 2693
1117 out of 2693
1118 out of 2693
1119 out of 2693
1120 out of 2693
1121 out of 2693
1122 out of 2693
1123 out of 2693
1124 out of 2693
1125 out of 2693
1126 out of 2693
1127 out of 2693
1128 out of 2693
1129 out of 2693
1130 out of 2693
1131 out of 2693
1132 out of 2693
1133 out of 2693
1134 out of 2693
1135 out of 2693
1136 out of 2693
1137 out of 2693
1138 out of 2693
1139 out of 2693
1140 out of 2693
1141 out of 2693
1142 out of 2693
1143 out of 2693
1144 out of 2693
1145 out of 2693
1146 out of 2693
1147 out of 2693
1148 out of 2693
1149 out of 2693
1150 out of 2693
1151 out of 2693
1152 out of 2693
1153 out of 2693
1154 out of 2693
1155 out of 2693
1156 out of 2693
1157 out of 2693
1158 out of 2693
1159 out of 2693
1160 out of 2693
1161 out of 2693
1162 out of 2693
1163 out of 2693
1164 out of 2693
1165 out of 2693
1166 out of 2693
1167 out of 2693
1168 out of 2693
1169 out of 2693
1170 out of 2693
1171 out of 2693
1172 out of 2693
1173 out of 2693
1174 out of 2693
1175 out of 2693
1176 out of 2693
1177 out of 2693
1178 out of 2693
1179 out of 2693
1180 out of 2693
1181 out of 2693
1182 out of 2693
1183 out of 2693
1184 out of 2693
1185 out of 2693
1186 out of 2693
1187 out of 2693
1188 out of 2693
1189 out of 2693
1190 out of 2693
1191 out of 2693
1192 out of 2693
1193 out of 2693
1194 out of 2693
1195 out of 2693
1196 out of 2693
1197 out of 2693
1198 out of 2693
1199 out of 2693
1200 out of 2693
1201 out of 2693
1202 out of 2693
1203 out of 2693
1204 out of 2693
1205 out of 2693
1206 out of 2693
1207 out of 2693
1208 out of 2693
1209 out of 2693
1210 out of 2693
1211 out of 2693
1212 out of 2693
1213 out of 2693
1214 out of 2693
1215 out of 2693
1216 out of 2693
1217 out of 2693
1218 out of 2693
1219 out of 2693
1220 out of 2693
1221 out of 2693
1222 out of 2693
1223 out of 2693
1224 out of 2693
1225 out of 2693
1226 out of 2693
1227 out of 2693
1228 out of 2693
1229 out of 2693
1230 out of 2693
1231 out of 2693
1232 out of 2693
1233 out of 2693
1234 out of 2693
1235 out of 2693
1236 out of 2693
1237 out of 2693
1238 out of 2693
1239 out of 2693
1240 out of 2693
1241 out of 2693
1242 out of 2693
1243 out of 2693
1244 out of 2693
1245 out of 2693
1246 out of 2693
1247 out of 2693
1248 out of 2693
1249 out of 2693
1250 out of 2693
1251 out of 2693
1252 out of 2693
1253 out of 2693
1254 out of 2693
1255 out of 2693
1256 out of 2693
1257 out of 2693
1258 out of 2693
1259 out of 2693
1260 out of 2693
1261 out of 2693
1262 out of 2693
1263 out of 2693
1264 out of 2693
1265 out of 2693
1266 out of 2693
1267 out of 2693
1268 out of 2693
1269 out of 2693
1270 out of 2693
1271 out of 2693
1272 out of 2693
1273 out of 2693
1274 out of 2693
1275 out of 2693
1276 out of 2693
1277 out of 2693
1278 out of 2693
1279 out of 2693
1280 out of 2693
1281 out of 2693
1282 out of 2693
1283 out of 2693
1284 out of 2693
1285 out of 2693
1286 out of 2693
1287 out of 2693
1288 out of 2693
1289 out of 2693
1290 out of 2693
1291 out of 2693
1292 out of 2693
1293 out of 2693
1294 out of 2693
1295 out of 2693
1296 out of 2693
1297 out of 2693
1298 out of 2693
1299 out of 2693
1300 out of 2693
1301 out of 2693
1302 out of 2693
1303 out of 2693
1304 out of 2693
1305 out of 2693
1306 out of 2693
1307 out of 2693
1308 out of 2693
1309 out of 2693
1310 out of 2693
1311 out of 2693
1312 out of 2693
1313 out of 2693
1314 out of 2693
1315 out of 2693
1316 out of 2693
1317 out of 2693
1318 out of 2693
1319 out of 2693
1320 out of 2693
1321 out of 2693
1322 out of 2693
1323 out of 2693
1324 out of 2693
1325 out of 2693
1326 out of 2693
1327 out of 2693
1328 out of 2693
1329 out of 2693
1330 out of 2693
1331 out of 2693
1332 out of 2693
1333 out of 2693
1334 out of 2693
1335 out of 2693
1336 out of 2693
1337 out of 2693
1338 out of 2693
1339 out of 2693
1340 out of 2693
1341 out of 2693
1342 out of 2693
1343 out of 2693
1344 out of 2693
1345 out of 2693
1346 out of 2693
1347 out of 2693
1348 out of 2693
1349 out of 2693
1350 out of 2693
1351 out of 2693
1352 out of 2693
1353 out of 2693
1354 out of 2693
1355 out of 2693
1356 out of 2693
1357 out of 2693
1358 out of 2693
1359 out of 2693
1360 out of 2693
1361 out of 2693
1362 out of 2693
1363 out of 2693
1364 out of 2693
1365 out of 2693
1366 out of 2693
1367 out of 2693
1368 out of 2693
1369 out of 2693
1370 out of 2693
1371 out of 2693
1372 out of 2693
1373 out of 2693
1374 out of 2693
1375 out of 2693
1376 out of 2693
1377 out of 2693
1378 out of 2693
1379 out of 2693
1380 out of 2693
1381 out of 2693
1382 out of 2693
1383 out of 2693
1384 out of 2693
1385 out of 2693
1386 out of 2693
1387 out of 2693
1388 out of 2693
1389 out of 2693
1390 out of 2693
1391 out of 2693
1392 out of 2693
1393 out of 2693
1394 out of 2693
1395 out of 2693
1396 out of 2693
1397 out of 2693
1398 out of 2693
1399 out of 2693
1400 out of 2693
1401 out of 2693
1402 out of 2693
1403 out of 2693
1404 out of 2693
1405 out of 2693
1406 out of 2693
1407 out of 2693
1408 out of 2693
1409 out of 2693
1410 out of 2693
1411 out of 2693
1412 out of 2693
1413 out of 2693
1414 out of 2693
1415 out of 2693
1416 out of 2693
1417 out of 2693
1418 out of 2693
1419 out of 2693
1420 out of 2693
1421 out of 2693
1422 out of 2693
1423 out of 2693
1424 out of 2693
1425 out of 2693
1426 out of 2693
1427 out of 2693
1428 out of 2693
1429 out of 2693
1430 out of 2693
1431 out of 2693
1432 out of 2693
1433 out of 2693
1434 out of 2693
1435 out of 2693
1436 out of 2693
1437 out of 2693
1438 out of 2693
1439 out of 2693
1440 out of 2693
1441 out of 2693
1442 out of 2693
1443 out of 2693
1444 out of 2693
1445 out of 2693
1446 out of 2693
1447 out of 2693
1448 out of 2693
1449 out of 2693
1450 out of 2693
1451 out of 2693
1452 out of 2693
1453 out of 2693
1454 out of 2693
1455 out of 2693
1456 out of 2693
1457 out of 2693
1458 out of 2693
1459 out of 2693
1460 out of 2693
1461 out of 2693
1462 out of 2693
1463 out of 2693
1464 out of 2693
1465 out of 2693
1466 out of 2693
1467 out of 2693
1468 out of 2693
1469 out of 2693
1470 out of 2693
1471 out of 2693
1472 out of 2693
1473 out of 2693
1474 out of 2693
1475 out of 2693
1476 out of 2693
1477 out of 2693
1478 out of 2693
1479 out of 2693
1480 out of 2693
1481 out of 2693
1482 out of 2693
1483 out of 2693
1484 out of 2693
1485 out of 2693
1486 out of 2693
1487 out of 2693
1488 out of 2693
1489 out of 2693
1490 out of 2693
1491 out of 2693
1492 out of 2693
1493 out of 2693
1494 out of 2693
1495 out of 2693
1496 out of 2693
1497 out of 2693
1498 out of 2693
1499 out of 2693
1500 out of 2693
1501 out of 2693
1502 out of 2693
1503 out of 2693
1504 out of 2693
1505 out of 2693
1506 out of 2693
1507 out of 2693
1508 out of 2693
1509 out of 2693
1510 out of 2693
1511 out of 2693
1512 out of 2693
1513 out of 2693
1514 out of 2693
1515 out of 2693
1516 out of 2693
1517 out of 2693
1518 out of 2693
1519 out of 2693
1520 out of 2693
1521 out of 2693
1522 out of 2693
1523 out of 2693
1524 out of 2693
1525 out of 2693
1526 out of 2693
1527 out of 2693
1528 out of 2693
1529 out of 2693
1530 out of 2693
1531 out of 2693
1532 out of 2693
1533 out of 2693
1534 out of 2693
1535 out of 2693
1536 out of 2693
1537 out of 2693
1538 out of 2693
1539 out of 2693
1540 out of 2693
1541 out of 2693
1542 out of 2693
1543 out of 2693
1544 out of 2693
1545 out of 2693
1546 out of 2693
1547 out of 2693
1548 out of 2693
1549 out of 2693
1550 out of 2693
1551 out of 2693
1552 out of 2693
1553 out of 2693
1554 out of 2693
1555 out of 2693
1556 out of 2693
1557 out of 2693
1558 out of 2693
1559 out of 2693
1560 out of 2693
1561 out of 2693
1562 out of 2693
1563 out of 2693
1564 out of 2693
1565 out of 2693
1566 out of 2693
1567 out of 2693
1568 out of 2693
1569 out of 2693
1570 out of 2693
1571 out of 2693
1572 out of 2693
1573 out of 2693
1574 out of 2693
1575 out of 2693
1576 out of 2693
1577 out of 2693
1578 out of 2693
1579 out of 2693
1580 out of 2693
1581 out of 2693
1582 out of 2693
1583 out of 2693
1584 out of 2693
1585 out of 2693
1586 out of 2693
1587 out of 2693
1588 out of 2693
1589 out of 2693
1590 out of 2693
1591 out of 2693
1592 out of 2693
1593 out of 2693
1594 out of 2693
1595 out of 2693
1596 out of 2693
1597 out of 2693
1598 out of 2693
1599 out of 2693
1600 out of 2693
1601 out of 2693
1602 out of 2693
1603 out of 2693
1604 out of 2693
1605 out of 2693
1606 out of 2693
1607 out of 2693
1608 out of 2693
1609 out of 2693
1610 out of 2693
1611 out of 2693
1612 out of 2693
1613 out of 2693
1614 out of 2693
1615 out of 2693
1616 out of 2693
1617 out of 2693
1618 out of 2693
1619 out of 2693
1620 out of 2693
1621 out of 2693
1622 out of 2693
1623 out of 2693
1624 out of 2693
1625 out of 2693
1626 out of 2693
1627 out of 2693
1628 out of 2693
1629 out of 2693
1630 out of 2693
1631 out of 2693
1632 out of 2693
1633 out of 2693
1634 out of 2693
1635 out of 2693
1636 out of 2693
1637 out of 2693
1638 out of 2693
1639 out of 2693
1640 out of 2693
1641 out of 2693
1642 out of 2693
1643 out of 2693
1644 out of 2693
1645 out of 2693
1646 out of 2693
1647 out of 2693
1648 out of 2693
1649 out of 2693
1650 out of 2693
1651 out of 2693
1652 out of 2693
1653 out of 2693
1654 out of 2693
1655 out of 2693
1656 out of 2693
1657 out of 2693
1658 out of 2693
1659 out of 2693
1660 out of 2693
1661 out of 2693
1662 out of 2693
1663 out of 2693
1664 out of 2693
1665 out of 2693
1666 out of 2693
1667 out of 2693
1668 out of 2693
1669 out of 2693
1670 out of 2693
1671 out of 2693
1672 out of 2693
1673 out of 2693
1674 out of 2693
1675 out of 2693
1676 out of 2693
1677 out of 2693
1678 out of 2693
1679 out of 2693
1680 out of 2693
1681 out of 2693
1682 out of 2693
1683 out of 2693
1684 out of 2693
1685 out of 2693
1686 out of 2693
1687 out of 2693
1688 out of 2693
1689 out of 2693
1690 out of 2693
1691 out of 2693
1692 out of 2693
1693 out of 2693
1694 out of 2693
1695 out of 2693
1696 out of 2693
1697 out of 2693
1698 out of 2693
1699 out of 2693
1700 out of 2693
1701 out of 2693
1702 out of 2693
1703 out of 2693
1704 out of 2693
1705 out of 2693
1706 out of 2693
1707 out of 2693
1708 out of 2693
1709 out of 2693
1710 out of 2693
1711 out of 2693
1712 out of 2693
1713 out of 2693
1714 out of 2693
1715 out of 2693
1716 out of 2693
1717 out of 2693
1718 out of 2693
1719 out of 2693
1720 out of 2693
1721 out of 2693
1722 out of 2693
1723 out of 2693
1724 out of 2693
1725 out of 2693
1726 out of 2693
1727 out of 2693
1728 out of 2693
1729 out of 2693
1730 out of 2693
1731 out of 2693
1732 out of 2693
1733 out of 2693
1734 out of 2693
1735 out of 2693
1736 out of 2693
1737 out of 2693
1738 out of 2693
1739 out of 2693
1740 out of 2693
1741 out of 2693
1742 out of 2693
1743 out of 2693
1744 out of 2693
1745 out of 2693
1746 out of 2693
1747 out of 2693
1748 out of 2693
1749 out of 2693
1750 out of 2693
1751 out of 2693
1752 out of 2693
1753 out of 2693
1754 out of 2693
1755 out of 2693
1756 out of 2693
1757 out of 2693
1758 out of 2693
1759 out of 2693
1760 out of 2693
1761 out of 2693
1762 out of 2693
1763 out of 2693
1764 out of 2693
1765 out of 2693
1766 out of 2693
1767 out of 2693
1768 out of 2693
1769 out of 2693
1770 out of 2693
1771 out of 2693
1772 out of 2693
1773 out of 2693
1774 out of 2693
1775 out of 2693
1776 out of 2693
1777 out of 2693
1778 out of 2693
1779 out of 2693
1780 out of 2693
1781 out of 2693
1782 out of 2693
1783 out of 2693
1784 out of 2693
1785 out of 2693
1786 out of 2693
1787 out of 2693
1788 out of 2693
1789 out of 2693
1790 out of 2693
1791 out of 2693
1792 out of 2693
1793 out of 2693
1794 out of 2693
1795 out of 2693
1796 out of 2693
1797 out of 2693
1798 out of 2693
1799 out of 2693
1800 out of 2693
1801 out of 2693
1802 out of 2693
1803 out of 2693
1804 out of 2693
1805 out of 2693
1806 out of 2693
1807 out of 2693
1808 out of 2693
1809 out of 2693
1810 out of 2693
1811 out of 2693
1812 out of 2693
1813 out of 2693
1814 out of 2693
1815 out of 2693
1816 out of 2693
1817 out of 2693
1818 out of 2693
1819 out of 2693
1820 out of 2693
1821 out of 2693
1822 out of 2693
1823 out of 2693
1824 out of 2693
1825 out of 2693
1826 out of 2693
1827 out of 2693
1828 out of 2693
1829 out of 2693
1830 out of 2693
1831 out of 2693
1832 out of 2693
1833 out of 2693
1834 out of 2693
1835 out of 2693
1836 out of 2693
1837 out of 2693
1838 out of 2693
1839 out of 2693
1840 out of 2693
1841 out of 2693
1842 out of 2693
1843 out of 2693
1844 out of 2693
1845 out of 2693
1846 out of 2693
1847 out of 2693
1848 out of 2693
1849 out of 2693
1850 out of 2693
1851 out of 2693
1852 out of 2693
1853 out of 2693
1854 out of 2693
1855 out of 2693
1856 out of 2693
1857 out of 2693
1858 out of 2693
1859 out of 2693
1860 out of 2693
1861 out of 2693
1862 out of 2693
1863 out of 2693
1864 out of 2693
1865 out of 2693
1866 out of 2693
1867 out of 2693
1868 out of 2693
1869 out of 2693
1870 out of 2693
1871 out of 2693
1872 out of 2693
1873 out of 2693
1874 out of 2693
1875 out of 2693
1876 out of 2693
1877 out of 2693
1878 out of 2693
1879 out of 2693
1880 out of 2693
1881 out of 2693
1882 out of 2693
1883 out of 2693
1884 out of 2693
1885 out of 2693
1886 out of 2693
1887 out of 2693
1888 out of 2693
1889 out of 2693
1890 out of 2693
1891 out of 2693
1892 out of 2693
1893 out of 2693
1894 out of 2693
1895 out of 2693
1896 out of 2693
1897 out of 2693
1898 out of 2693
1899 out of 2693
1900 out of 2693
1901 out of 2693
1902 out of 2693
1903 out of 2693
1904 out of 2693
1905 out of 2693
1906 out of 2693
1907 out of 2693
1908 out of 2693
1909 out of 2693
1910 out of 2693
1911 out of 2693
1912 out of 2693
1913 out of 2693
1914 out of 2693
1915 out of 2693
1916 out of 2693
1917 out of 2693
1918 out of 2693
1919 out of 2693
1920 out of 2693
1921 out of 2693
1922 out of 2693
1923 out of 2693
1924 out of 2693
1925 out of 2693
1926 out of 2693
1927 out of 2693
1928 out of 2693
1929 out of 2693
1930 out of 2693
1931 out of 2693
1932 out of 2693
1933 out of 2693
1934 out of 2693
1935 out of 2693
1936 out of 2693
1937 out of 2693
1938 out of 2693
1939 out of 2693
1940 out of 2693
1941 out of 2693
1942 out of 2693
1943 out of 2693
1944 out of 2693
1945 out of 2693
1946 out of 2693
1947 out of 2693
1948 out of 2693
1949 out of 2693
1950 out of 2693
1951 out of 2693
1952 out of 2693
1953 out of 2693
1954 out of 2693
1955 out of 2693
1956 out of 2693
1957 out of 2693
1958 out of 2693
1959 out of 2693
1960 out of 2693
1961 out of 2693
1962 out of 2693
1963 out of 2693
1964 out of 2693
1965 out of 2693
1966 out of 2693
1967 out of 2693
1968 out of 2693
1969 out of 2693
1970 out of 2693
1971 out of 2693
1972 out of 2693
1973 out of 2693
1974 out of 2693
1975 out of 2693
1976 out of 2693
1977 out of 2693
1978 out of 2693
1979 out of 2693
1980 out of 2693
1981 out of 2693
1982 out of 2693
1983 out of 2693
1984 out of 2693
1985 out of 2693
1986 out of 2693
1987 out of 2693
1988 out of 2693
1989 out of 2693
1990 out of 2693
1991 out of 2693
1992 out of 2693
1993 out of 2693
1994 out of 2693
1995 out of 2693
1996 out of 2693
1997 out of 2693
1998 out of 2693
1999 out of 2693
2000 out of 2693
2001 out of 2693
2002 out of 2693
2003 out of 2693
2004 out of 2693
2005 out of 2693
2006 out of 2693
2007 out of 2693
2008 out of 2693
2009 out of 2693
2010 out of 2693
2011 out of 2693
2012 out of 2693
2013 out of 2693
2014 out of 2693
2015 out of 2693
2016 out of 2693
2017 out of 2693
2018 out of 2693
2019 out of 2693
2020 out of 2693
2021 out of 2693
2022 out of 2693
2023 out of 2693
2024 out of 2693
2025 out of 2693
2026 out of 2693
2027 out of 2693
2028 out of 2693
2029 out of 2693
2030 out of 2693
2031 out of 2693
2032 out of 2693
2033 out of 2693
2034 out of 2693
2035 out of 2693
2036 out of 2693
2037 out of 2693
2038 out of 2693
2039 out of 2693
2040 out of 2693
2041 out of 2693
2042 out of 2693
2043 out of 2693
2044 out of 2693
2045 out of 2693
2046 out of 2693
2047 out of 2693
2048 out of 2693
2049 out of 2693
2050 out of 2693
2051 out of 2693
2052 out of 2693
2053 out of 2693
2054 out of 2693
2055 out of 2693
2056 out of 2693
2057 out of 2693
2058 out of 2693
2059 out of 2693
2060 out of 2693
2061 out of 2693
2062 out of 2693
2063 out of 2693
2064 out of 2693
2065 out of 2693
2066 out of 2693
2067 out of 2693
2068 out of 2693
2069 out of 2693
2070 out of 2693
2071 out of 2693
2072 out of 2693
2073 out of 2693
2074 out of 2693
2075 out of 2693
2076 out of 2693
2077 out of 2693
2078 out of 2693
2079 out of 2693
2080 out of 2693
2081 out of 2693
2082 out of 2693
2083 out of 2693
2084 out of 2693
2085 out of 2693
2086 out of 2693
2087 out of 2693
2088 out of 2693
2089 out of 2693
2090 out of 2693
2091 out of 2693
2092 out of 2693
2093 out of 2693
2094 out of 2693
2095 out of 2693
2096 out of 2693
2097 out of 2693
2098 out of 2693
2099 out of 2693
2100 out of 2693
2101 out of 2693
2102 out of 2693
2103 out of 2693
2104 out of 2693
2105 out of 2693
2106 out of 2693
2107 out of 2693
2108 out of 2693
2109 out of 2693
2110 out of 2693
2111 out of 2693
2112 out of 2693
2113 out of 2693
2114 out of 2693
2115 out of 2693
2116 out of 2693
2117 out of 2693
2118 out of 2693
2119 out of 2693
2120 out of 2693
2121 out of 2693
2122 out of 2693
2123 out of 2693
2124 out of 2693
2125 out of 2693
2126 out of 2693
2127 out of 2693
2128 out of 2693
2129 out of 2693
2130 out of 2693
2131 out of 2693
2132 out of 2693
2133 out of 2693
2134 out of 2693
2135 out of 2693
2136 out of 2693
2137 out of 2693
2138 out of 2693
2139 out of 2693
2140 out of 2693
2141 out of 2693
2142 out of 2693
2143 out of 2693
2144 out of 2693
2145 out of 2693
2146 out of 2693
2147 out of 2693
2148 out of 2693
2149 out of 2693
2150 out of 2693
2151 out of 2693
2152 out of 2693
2153 out of 2693
2154 out of 2693
2155 out of 2693
2156 out of 2693
2157 out of 2693
2158 out of 2693
2159 out of 2693
2160 out of 2693
2161 out of 2693
2162 out of 2693
2163 out of 2693
2164 out of 2693
2165 out of 2693
2166 out of 2693
2167 out of 2693
2168 out of 2693
2169 out of 2693
2170 out of 2693
2171 out of 2693
2172 out of 2693
2173 out of 2693
2174 out of 2693
2175 out of 2693
2176 out of 2693
2177 out of 2693
2178 out of 2693
2179 out of 2693
2180 out of 2693
2181 out of 2693
2182 out of 2693
2183 out of 2693
2184 out of 2693
2185 out of 2693
2186 out of 2693
2187 out of 2693
2188 out of 2693
2189 out of 2693
2190 out of 2693
2191 out of 2693
2192 out of 2693
2193 out of 2693
2194 out of 2693
2195 out of 2693
2196 out of 2693
2197 out of 2693
2198 out of 2693
2199 out of 2693
2200 out of 2693
2201 out of 2693
2202 out of 2693
2203 out of 2693
2204 out of 2693
2205 out of 2693
2206 out of 2693
2207 out of 2693
2208 out of 2693
2209 out of 2693
2210 out of 2693
2211 out of 2693
2212 out of 2693
2213 out of 2693
2214 out of 2693
2215 out of 2693
2216 out of 2693
2217 out of 2693
2218 out of 2693
2219 out of 2693
2220 out of 2693
2221 out of 2693
2222 out of 2693
2223 out of 2693
2224 out of 2693
2225 out of 2693
2226 out of 2693
2227 out of 2693
2228 out of 2693
2229 out of 2693
2230 out of 2693
2231 out of 2693
2232 out of 2693
2233 out of 2693
2234 out of 2693
2235 out of 2693
2236 out of 2693
2237 out of 2693
2238 out of 2693
2239 out of 2693
2240 out of 2693
2241 out of 2693
2242 out of 2693
2243 out of 2693
2244 out of 2693
2245 out of 2693
2246 out of 2693
2247 out of 2693
2248 out of 2693
2249 out of 2693
2250 out of 2693
2251 out of 2693
2252 out of 2693
2253 out of 2693
2254 out of 2693
2255 out of 2693
2256 out of 2693
2257 out of 2693
2258 out of 2693
2259 out of 2693
2260 out of 2693
2261 out of 2693
2262 out of 2693
2263 out of 2693
2264 out of 2693
2265 out of 2693
2266 out of 2693
2267 out of 2693
2268 out of 2693
2269 out of 2693
2270 out of 2693
2271 out of 2693
2272 out of 2693
2273 out of 2693
2274 out of 2693
2275 out of 2693
2276 out of 2693
2277 out of 2693
2278 out of 2693
2279 out of 2693
2280 out of 2693
2281 out of 2693
2282 out of 2693
2283 out of 2693
2284 out of 2693
2285 out of 2693
2286 out of 2693
2287 out of 2693
2288 out of 2693
2289 out of 2693
2290 out of 2693
2291 out of 2693
2292 out of 2693
2293 out of 2693
2294 out of 2693
2295 out of 2693
2296 out of 2693
2297 out of 2693
2298 out of 2693
2299 out of 2693
2300 out of 2693
2301 out of 2693
2302 out of 2693
2303 out of 2693
2304 out of 2693
2305 out of 2693
2306 out of 2693
2307 out of 2693
2308 out of 2693
2309 out of 2693
2310 out of 2693
2311 out of 2693
2312 out of 2693
2313 out of 2693
2314 out of 2693
2315 out of 2693
2316 out of 2693
2317 out of 2693
2318 out of 2693
2319 out of 2693
2320 out of 2693
2321 out of 2693
2322 out of 2693
2323 out of 2693
2324 out of 2693
2325 out of 2693
2326 out of 2693
2327 out of 2693
2328 out of 2693
2329 out of 2693
2330 out of 2693
2331 out of 2693
2332 out of 2693
2333 out of 2693
2334 out of 2693
2335 out of 2693
2336 out of 2693
2337 out of 2693
2338 out of 2693
2339 out of 2693
2340 out of 2693
2341 out of 2693
2342 out of 2693
2343 out of 2693
2344 out of 2693
2345 out of 2693
2346 out of 2693
2347 out of 2693
2348 out of 2693
2349 out of 2693
2350 out of 2693
2351 out of 2693
2352 out of 2693
2353 out of 2693
2354 out of 2693
2355 out of 2693
2356 out of 2693
2357 out of 2693
2358 out of 2693
2359 out of 2693
2360 out of 2693
2361 out of 2693
2362 out of 2693
2363 out of 2693
2364 out of 2693
2365 out of 2693
2366 out of 2693
2367 out of 2693
2368 out of 2693
2369 out of 2693
2370 out of 2693
2371 out of 2693
2372 out of 2693
2373 out of 2693
2374 out of 2693
2375 out of 2693
2376 out of 2693
2377 out of 2693
2378 out of 2693
2379 out of 2693
2380 out of 2693
2381 out of 2693
2382 out of 2693
2383 out of 2693
2384 out of 2693
2385 out of 2693
2386 out of 2693
2387 out of 2693
2388 out of 2693
2389 out of 2693
2390 out of 2693
2391 out of 2693
2392 out of 2693
2393 out of 2693
2394 out of 2693
2395 out of 2693
2396 out of 2693
2397 out of 2693
2398 out of 2693
2399 out of 2693
2400 out of 2693
2401 out of 2693
2402 out of 2693
2403 out of 2693
2404 out of 2693
2405 out of 2693
2406 out of 2693
2407 out of 2693
2408 out of 2693
2409 out of 2693
2410 out of 2693
2411 out of 2693
2412 out of 2693
2413 out of 2693
2414 out of 2693
2415 out of 2693
2416 out of 2693
2417 out of 2693
2418 out of 2693
2419 out of 2693
2420 out of 2693
2421 out of 2693
2422 out of 2693
2423 out of 2693
2424 out of 2693
2425 out of 2693
2426 out of 2693
2427 out of 2693
2428 out of 2693
2429 out of 2693
2430 out of 2693
2431 out of 2693
2432 out of 2693
2433 out of 2693
2434 out of 2693
2435 out of 2693
2436 out of 2693
2437 out of 2693
2438 out of 2693
2439 out of 2693
2440 out of 2693
2441 out of 2693
2442 out of 2693
2443 out of 2693
2444 out of 2693
2445 out of 2693
2446 out of 2693
2447 out of 2693
2448 out of 2693
2449 out of 2693
2450 out of 2693
2451 out of 2693
2452 out of 2693
2453 out of 2693
2454 out of 2693
2455 out of 2693
2456 out of 2693
2457 out of 2693
2458 out of 2693
2459 out of 2693
2460 out of 2693
2461 out of 2693
2462 out of 2693
2463 out of 2693
2464 out of 2693
2465 out of 2693
2466 out of 2693
2467 out of 2693
2468 out of 2693
2469 out of 2693
2470 out of 2693
2471 out of 2693
2472 out of 2693
2473 out of 2693
2474 out of 2693
2475 out of 2693
2476 out of 2693
2477 out of 2693
2478 out of 2693
2479 out of 2693
2480 out of 2693
2481 out of 2693
2482 out of 2693
2483 out of 2693
2484 out of 2693
2485 out of 2693
2486 out of 2693
2487 out of 2693
2488 out of 2693
2489 out of 2693
2490 out of 2693
2491 out of 2693
2492 out of 2693
2493 out of 2693
2494 out of 2693
2495 out of 2693
2496 out of 2693
2497 out of 2693
2498 out of 2693
2499 out of 2693
2500 out of 2693
2501 out of 2693
2502 out of 2693
2503 out of 2693
2504 out of 2693
2505 out of 2693
2506 out of 2693
2507 out of 2693
2508 out of 2693
2509 out of 2693
2510 out of 2693
2511 out of 2693
2512 out of 2693
2513 out of 2693
2514 out of 2693
2515 out of 2693
2516 out of 2693
2517 out of 2693
2518 out of 2693
2519 out of 2693
2520 out of 2693
2521 out of 2693
2522 out of 2693
2523 out of 2693
2524 out of 2693
2525 out of 2693
2526 out of 2693
2527 out of 2693
2528 out of 2693
2529 out of 2693
2530 out of 2693
2531 out of 2693
2532 out of 2693
2533 out of 2693
2534 out of 2693
2535 out of 2693
2536 out of 2693
2537 out of 2693
2538 out of 2693
2539 out of 2693
2540 out of 2693
2541 out of 2693
2542 out of 2693
2543 out of 2693
2544 out of 2693
2545 out of 2693
2546 out of 2693
2547 out of 2693
2548 out of 2693
2549 out of 2693
2550 out of 2693
2551 out of 2693
2552 out of 2693
2553 out of 2693
2554 out of 2693
2555 out of 2693
2556 out of 2693
2557 out of 2693
2558 out of 2693
2559 out of 2693
2560 out of 2693
2561 out of 2693
2562 out of 2693
2563 out of 2693
2564 out of 2693
2565 out of 2693
2566 out of 2693
2567 out of 2693
2568 out of 2693
2569 out of 2693
2570 out of 2693
2571 out of 2693
2572 out of 2693
2573 out of 2693
2574 out of 2693
2575 out of 2693
2576 out of 2693
2577 out of 2693
2578 out of 2693
2579 out of 2693
2580 out of 2693
2581 out of 2693
2582 out of 2693
2583 out of 2693
2584 out of 2693
2585 out of 2693
2586 out of 2693
2587 out of 2693
2588 out of 2693
2589 out of 2693
2590 out of 2693
2591 out of 2693
2592 out of 2693
2593 out of 2693
2594 out of 2693
2595 out of 2693
2596 out of 2693
2597 out of 2693
2598 out of 2693
2599 out of 2693
2600 out of 2693
2601 out of 2693
2602 out of 2693
2603 out of 2693
2604 out of 2693
2605 out of 2693
2606 out of 2693
2607 out of 2693
2608 out of 2693
2609 out of 2693
2610 out of 2693
2611 out of 2693
2612 out of 2693
2613 out of 2693
2614 out of 2693
2615 out of 2693
2616 out of 2693
2617 out of 2693
2618 out of 2693
2619 out of 2693
2620 out of 2693
2621 out of 2693
2622 out of 2693
2623 out of 2693
2624 out of 2693
2625 out of 2693
2626 out of 2693
2627 out of 2693
2628 out of 2693
2629 out of 2693
2630 out of 2693
2631 out of 2693
2632 out of 2693
2633 out of 2693
2634 out of 2693
2635 out of 2693
2636 out of 2693
2637 out of 2693
2638 out of 2693
2639 out of 2693
2640 out of 2693
2641 out of 2693
2642 out of 2693
2643 out of 2693
2644 out of 2693
2645 out of 2693
2646 out of 2693
2647 out of 2693
2648 out of 2693
2649 out of 2693
2650 out of 2693
2651 out of 2693
2652 out of 2693
2653 out of 2693
2654 out of 2693
2655 out of 2693
2656 out of 2693
2657 out of 2693
2658 out of 2693
2659 out of 2693
2660 out of 2693
2661 out of 2693
2662 out of 2693
2663 out of 2693
2664 out of 2693
2665 out of 2693
2666 out of 2693
2667 out of 2693
2668 out of 2693
2669 out of 2693
2670 out of 2693
2671 out of 2693
2672 out of 2693
2673 out of 2693
2674 out of 2693
2675 out of 2693
2676 out of 2693
2677 out of 2693
2678 out of 2693
2679 out of 2693
2680 out of 2693
2681 out of 2693
2682 out of 2693
2683 out of 2693
2684 out of 2693
2685 out of 2693
2686 out of 2693
2687 out of 2693
2688 out of 2693
2689 out of 2693
2690 out of 2693
2691 out of 2693
2692 out of 2693
